[INFO  2019-03-15 14:28:13 @__init__.py:79] Set root logger. Unset logger with neuralgym.unset_logger().
[INFO  2019-03-15 14:28:13 @__init__.py:80] Saving logging to file: neuralgym_logs/20190315142813220895.
[INFO  2019-03-15 14:28:14 @config.py:92] ---------------------------------- APP CONFIG ----------------------------------
[INFO  2019-03-15 14:28:14 @config.py:119] DATASET: celeba
[INFO  2019-03-15 14:28:14 @config.py:119] RANDOM_CROP: True
[INFO  2019-03-15 14:28:14 @config.py:119] VAL: False
[INFO  2019-03-15 14:28:14 @config.py:119] LOG_DIR: release_celeba_256
[INFO  2019-03-15 14:28:14 @config.py:119] MODEL_RESTORE: 
[INFO  2019-03-15 14:28:14 @config.py:119] GAN: wgan_gp
[INFO  2019-03-15 14:28:14 @config.py:119] PRETRAIN_COARSE_NETWORK: False
[INFO  2019-03-15 14:28:14 @config.py:119] GAN_LOSS_ALPHA: 0.001
[INFO  2019-03-15 14:28:14 @config.py:119] WGAN_GP_LAMBDA: 10
[INFO  2019-03-15 14:28:14 @config.py:119] COARSE_L1_ALPHA: 1.2
[INFO  2019-03-15 14:28:14 @config.py:119] L1_LOSS_ALPHA: 1.2
[INFO  2019-03-15 14:28:14 @config.py:119] AE_LOSS_ALPHA: 1.2
[INFO  2019-03-15 14:28:14 @config.py:119] GAN_WITH_MASK: False
[INFO  2019-03-15 14:28:14 @config.py:119] DISCOUNTED_MASK: True
[INFO  2019-03-15 14:28:14 @config.py:119] RANDOM_SEED: False
[INFO  2019-03-15 14:28:14 @config.py:119] PADDING: SAME
[INFO  2019-03-15 14:28:14 @config.py:119] NUM_GPUS: 1
[INFO  2019-03-15 14:28:14 @config.py:119] GPU_ID: -1
[INFO  2019-03-15 14:28:14 @config.py:119] TRAIN_SPE: 10000
[INFO  2019-03-15 14:28:14 @config.py:119] MAX_ITERS: 1000000
[INFO  2019-03-15 14:28:14 @config.py:119] VIZ_MAX_OUT: 10
[INFO  2019-03-15 14:28:14 @config.py:119] GRADS_SUMMARY: False
[INFO  2019-03-15 14:28:14 @config.py:119] GRADIENT_CLIP: False
[INFO  2019-03-15 14:28:14 @config.py:119] GRADIENT_CLIP_VALUE: 0.1
[INFO  2019-03-15 14:28:14 @config.py:119] VAL_PSTEPS: 1000
[INFO  2019-03-15 14:28:14 @config.py:111] DATA_FLIST: 
[INFO  2019-03-15 14:28:14 @config.py:119]   celeba: ['/Users/ankitkulkarni/Desktop/Final Year Project/generative_inpainting-master/data_flist/train_shuffled.flist', '/Users/ankitkulkarni/Desktop/Final Year Project/generative_inpainting-master/data_flist/validation_shuffled.flist']
[INFO  2019-03-15 14:28:14 @config.py:119] STATIC_VIEW_SIZE: 30
[INFO  2019-03-15 14:28:14 @config.py:119] IMG_SHAPES: [256, 256, 3]
[INFO  2019-03-15 14:28:14 @config.py:119] HEIGHT: 128
[INFO  2019-03-15 14:28:14 @config.py:119] WIDTH: 128
[INFO  2019-03-15 14:28:14 @config.py:119] MAX_DELTA_HEIGHT: 32
[INFO  2019-03-15 14:28:14 @config.py:119] MAX_DELTA_WIDTH: 32
[INFO  2019-03-15 14:28:14 @config.py:119] BATCH_SIZE: 16
[INFO  2019-03-15 14:28:14 @config.py:119] VERTICAL_MARGIN: 0
[INFO  2019-03-15 14:28:14 @config.py:119] HORIZONTAL_MARGIN: 0
[INFO  2019-03-15 14:28:14 @config.py:119] AE_LOSS: True
[INFO  2019-03-15 14:28:14 @config.py:119] L1_LOSS: True
[INFO  2019-03-15 14:28:14 @config.py:119] GLOBAL_DCGAN_LOSS_ALPHA: 1.0
[INFO  2019-03-15 14:28:14 @config.py:119] GLOBAL_WGAN_LOSS_ALPHA: 1.0
[INFO  2019-03-15 14:28:14 @config.py:119] LOAD_VGG_MODEL: False
[INFO  2019-03-15 14:28:14 @config.py:119] VGG_MODEL_FILE: data/model_zoo/vgg16.npz
[INFO  2019-03-15 14:28:14 @config.py:119] FEATURE_LOSS: False
[INFO  2019-03-15 14:28:14 @config.py:119] GRAMS_LOSS: False
[INFO  2019-03-15 14:28:14 @config.py:119] TV_LOSS: False
[INFO  2019-03-15 14:28:14 @config.py:119] TV_LOSS_ALPHA: 0.0
[INFO  2019-03-15 14:28:14 @config.py:119] FEATURE_LOSS_ALPHA: 0.01
[INFO  2019-03-15 14:28:14 @config.py:119] GRAMS_LOSS_ALPHA: 50
[INFO  2019-03-15 14:28:14 @config.py:119] SPATIAL_DISCOUNTING_GAMMA: 0.9
[INFO  2019-03-15 14:28:14 @config.py:94] --------------------------------------------------------------------------------
[INFO  2019-03-15 14:28:14 @gpus.py:39] Error reading GPU information, set no GPU.
[INFO  2019-03-15 14:28:14 @dataset.py:26] --------------------------------- Dataset Info ---------------------------------
[INFO  2019-03-15 14:28:14 @dataset.py:36] file_length: 10
[INFO  2019-03-15 14:28:14 @dataset.py:36] random: False
[INFO  2019-03-15 14:28:14 @dataset.py:36] random_crop: True
[INFO  2019-03-15 14:28:14 @dataset.py:36] filetype: image
[INFO  2019-03-15 14:28:14 @dataset.py:36] shapes: [[256, 256, 3]]
[INFO  2019-03-15 14:28:14 @dataset.py:36] dtypes: [tf.float32]
[INFO  2019-03-15 14:28:14 @dataset.py:36] return_fnames: False
[INFO  2019-03-15 14:28:14 @dataset.py:36] batch_phs: [<tf.Tensor 'Placeholder:0' shape=(?, 256, 256, 3) dtype=float32>]
[INFO  2019-03-15 14:28:14 @dataset.py:36] enqueue_size: 32
[INFO  2019-03-15 14:28:14 @dataset.py:36] queue_size: 256
[INFO  2019-03-15 14:28:14 @dataset.py:36] nthreads: 16
[INFO  2019-03-15 14:28:14 @dataset.py:36] fn_preprocess: None
[INFO  2019-03-15 14:28:14 @dataset.py:36] index: 0
[INFO  2019-03-15 14:28:14 @dataset.py:37] --------------------------------------------------------------------------------
[INFO  2019-03-15 14:28:16 @inpaint_model.py:159] Set batch_predicted to x2.
[INFO  2019-03-15 14:28:16 @inpaint_ops.py:201] Use spatial discounting l1 loss.
[INFO  2019-03-15 14:28:16 @inpaint_ops.py:201] Use spatial discounting l1 loss.
[INFO  2019-03-15 14:28:16 @inpaint_model.py:241] Set L1_LOSS_ALPHA to 1.200000
[INFO  2019-03-15 14:28:16 @inpaint_model.py:242] Set GAN_LOSS_ALPHA to 0.001000
[INFO  2019-03-15 14:28:16 @inpaint_model.py:245] Set AE_LOSS_ALPHA to 1.200000
[INFO  2019-03-15 14:28:18 @inpaint_model.py:159] Set batch_predicted to x2.
[INFO  2019-03-15 14:28:18 @inpaint_ops.py:201] Use spatial discounting l1 loss.
[INFO  2019-03-15 14:28:18 @inpaint_ops.py:201] Use spatial discounting l1 loss.
[INFO  2019-03-15 14:28:18 @inpaint_model.py:241] Set L1_LOSS_ALPHA to 1.200000
[INFO  2019-03-15 14:28:18 @inpaint_model.py:242] Set GAN_LOSS_ALPHA to 0.001000
[INFO  2019-03-15 14:28:18 @inpaint_model.py:245] Set AE_LOSS_ALPHA to 1.200000
