[INFO  2019-03-19 00:16:03 @__init__.py:79] Set root logger. Unset logger with neuralgym.unset_logger().
[INFO  2019-03-19 00:16:03 @__init__.py:80] Saving logging to file: neuralgym_logs/20190319001603861972.
[INFO  2019-03-19 00:16:04 @config.py:92] ---------------------------------- APP CONFIG ----------------------------------
[INFO  2019-03-19 00:16:04 @config.py:119] DATASET: celeba
[INFO  2019-03-19 00:16:04 @config.py:119] RANDOM_CROP: True
[INFO  2019-03-19 00:16:04 @config.py:119] VAL: False
[INFO  2019-03-19 00:16:04 @config.py:119] LOG_DIR: release_celeba_256
[INFO  2019-03-19 00:16:04 @config.py:119] MODEL_RESTORE: 
[INFO  2019-03-19 00:16:04 @config.py:119] GAN: wgan_gp
[INFO  2019-03-19 00:16:04 @config.py:119] PRETRAIN_COARSE_NETWORK: False
[INFO  2019-03-19 00:16:04 @config.py:119] GAN_LOSS_ALPHA: 0.001
[INFO  2019-03-19 00:16:04 @config.py:119] WGAN_GP_LAMBDA: 10
[INFO  2019-03-19 00:16:04 @config.py:119] COARSE_L1_ALPHA: 1.2
[INFO  2019-03-19 00:16:04 @config.py:119] L1_LOSS_ALPHA: 1.2
[INFO  2019-03-19 00:16:04 @config.py:119] AE_LOSS_ALPHA: 1.2
[INFO  2019-03-19 00:16:04 @config.py:119] GAN_WITH_MASK: False
[INFO  2019-03-19 00:16:04 @config.py:119] DISCOUNTED_MASK: True
[INFO  2019-03-19 00:16:04 @config.py:119] RANDOM_SEED: False
[INFO  2019-03-19 00:16:04 @config.py:119] PADDING: SAME
[INFO  2019-03-19 00:16:04 @config.py:119] NUM_GPUS: 0
[INFO  2019-03-19 00:16:04 @config.py:119] GPU_ID: -1
[INFO  2019-03-19 00:16:04 @config.py:119] TRAIN_SPE: 10000
[INFO  2019-03-19 00:16:04 @config.py:119] MAX_ITERS: 1000
[INFO  2019-03-19 00:16:04 @config.py:119] VIZ_MAX_OUT: 10
[INFO  2019-03-19 00:16:04 @config.py:119] GRADS_SUMMARY: False
[INFO  2019-03-19 00:16:04 @config.py:119] GRADIENT_CLIP: False
[INFO  2019-03-19 00:16:04 @config.py:119] GRADIENT_CLIP_VALUE: 0.1
[INFO  2019-03-19 00:16:04 @config.py:119] VAL_PSTEPS: 1000
[INFO  2019-03-19 00:16:04 @config.py:111] DATA_FLIST: 
[INFO  2019-03-19 00:16:04 @config.py:119]   celeba: ['/Users/akshayanand/Desktop/Final Year Project /generative_inpainting-master/data_flist/train_shuffled.flist', '/Users/akshayanand/Desktop/Final Year Project /generative_inpainting-master/data_flist/validation_shuffled.flist']
[INFO  2019-03-19 00:16:04 @config.py:119] STATIC_VIEW_SIZE: 30
[INFO  2019-03-19 00:16:04 @config.py:119] IMG_SHAPES: [256, 256, 3]
[INFO  2019-03-19 00:16:04 @config.py:119] HEIGHT: 128
[INFO  2019-03-19 00:16:04 @config.py:119] WIDTH: 128
[INFO  2019-03-19 00:16:04 @config.py:119] MAX_DELTA_HEIGHT: 32
[INFO  2019-03-19 00:16:04 @config.py:119] MAX_DELTA_WIDTH: 32
[INFO  2019-03-19 00:16:04 @config.py:119] BATCH_SIZE: 16
[INFO  2019-03-19 00:16:04 @config.py:119] VERTICAL_MARGIN: 0
[INFO  2019-03-19 00:16:04 @config.py:119] HORIZONTAL_MARGIN: 0
[INFO  2019-03-19 00:16:04 @config.py:119] AE_LOSS: True
[INFO  2019-03-19 00:16:04 @config.py:119] L1_LOSS: True
[INFO  2019-03-19 00:16:04 @config.py:119] GLOBAL_DCGAN_LOSS_ALPHA: 1.0
[INFO  2019-03-19 00:16:04 @config.py:119] GLOBAL_WGAN_LOSS_ALPHA: 1.0
[INFO  2019-03-19 00:16:04 @config.py:119] LOAD_VGG_MODEL: False
[INFO  2019-03-19 00:16:04 @config.py:119] VGG_MODEL_FILE: data/model_zoo/vgg16.npz
[INFO  2019-03-19 00:16:04 @config.py:119] FEATURE_LOSS: False
[INFO  2019-03-19 00:16:04 @config.py:119] GRAMS_LOSS: False
[INFO  2019-03-19 00:16:04 @config.py:119] TV_LOSS: False
[INFO  2019-03-19 00:16:04 @config.py:119] TV_LOSS_ALPHA: 0.0
[INFO  2019-03-19 00:16:04 @config.py:119] FEATURE_LOSS_ALPHA: 0.01
[INFO  2019-03-19 00:16:04 @config.py:119] GRAMS_LOSS_ALPHA: 50
[INFO  2019-03-19 00:16:04 @config.py:119] SPATIAL_DISCOUNTING_GAMMA: 0.9
[INFO  2019-03-19 00:16:04 @config.py:94] --------------------------------------------------------------------------------
[INFO  2019-03-19 00:16:04 @gpus.py:39] Error reading GPU information, set no GPU.
[INFO  2019-03-19 00:16:05 @dataset.py:26] --------------------------------- Dataset Info ---------------------------------
[INFO  2019-03-19 00:16:05 @dataset.py:36] file_length: 10
[INFO  2019-03-19 00:16:05 @dataset.py:36] random: False
[INFO  2019-03-19 00:16:05 @dataset.py:36] random_crop: True
[INFO  2019-03-19 00:16:05 @dataset.py:36] filetype: image
[INFO  2019-03-19 00:16:05 @dataset.py:36] shapes: [[256, 256, 3]]
[INFO  2019-03-19 00:16:05 @dataset.py:36] dtypes: [tf.float32]
[INFO  2019-03-19 00:16:05 @dataset.py:36] return_fnames: False
[INFO  2019-03-19 00:16:05 @dataset.py:36] batch_phs: [<tf.Tensor 'Placeholder:0' shape=(?, 256, 256, 3) dtype=float32>]
[INFO  2019-03-19 00:16:05 @dataset.py:36] enqueue_size: 32
[INFO  2019-03-19 00:16:05 @dataset.py:36] queue_size: 256
[INFO  2019-03-19 00:16:05 @dataset.py:36] nthreads: 16
[INFO  2019-03-19 00:16:05 @dataset.py:36] fn_preprocess: None
[INFO  2019-03-19 00:16:05 @dataset.py:36] index: 0
[INFO  2019-03-19 00:16:05 @dataset.py:37] --------------------------------------------------------------------------------
[INFO  2019-03-19 00:16:08 @inpaint_model.py:158] Set batch_predicted to x2.
[INFO  2019-03-19 00:16:08 @inpaint_ops.py:201] Use spatial discounting l1 loss.
[INFO  2019-03-19 00:16:08 @inpaint_ops.py:201] Use spatial discounting l1 loss.
[INFO  2019-03-19 00:16:09 @inpaint_model.py:240] Set L1_LOSS_ALPHA to 1.200000
[INFO  2019-03-19 00:16:09 @inpaint_model.py:241] Set GAN_LOSS_ALPHA to 0.001000
[INFO  2019-03-19 00:16:09 @inpaint_model.py:244] Set AE_LOSS_ALPHA to 1.200000
[INFO  2019-03-19 00:16:12 @inpaint_model.py:158] Set batch_predicted to x2.
[INFO  2019-03-19 00:16:12 @inpaint_ops.py:201] Use spatial discounting l1 loss.
[INFO  2019-03-19 00:16:12 @inpaint_ops.py:201] Use spatial discounting l1 loss.
[INFO  2019-03-19 00:16:12 @inpaint_model.py:240] Set L1_LOSS_ALPHA to 1.200000
[INFO  2019-03-19 00:16:12 @inpaint_model.py:241] Set GAN_LOSS_ALPHA to 0.001000
[INFO  2019-03-19 00:16:12 @inpaint_model.py:244] Set AE_LOSS_ALPHA to 1.200000
[INFO  2019-03-19 00:16:13 @trainer.py:61] ------------------------- Context Of Secondary Trainer -------------------------
[INFO  2019-03-19 00:16:13 @trainer.py:63] optimizer: <tensorflow.python.training.adam.AdamOptimizer object at 0x125a3fe10>
[INFO  2019-03-19 00:16:13 @trainer.py:63] var_list: [<tf.Variable 'discriminator/discriminator_local/conv1/kernel:0' shape=(5, 5, 3, 64) dtype=float32_ref>, <tf.Variable 'discriminator/discriminator_local/conv1/bias:0' shape=(64,) dtype=float32_ref>, <tf.Variable 'discriminator/discriminator_local/conv2/kernel:0' shape=(5, 5, 64, 128) dtype=float32_ref>, <tf.Variable 'discriminator/discriminator_local/conv2/bias:0' shape=(128,) dtype=float32_ref>, <tf.Variable 'discriminator/discriminator_local/conv3/kernel:0' shape=(5, 5, 128, 256) dtype=float32_ref>, <tf.Variable 'discriminator/discriminator_local/conv3/bias:0' shape=(256,) dtype=float32_ref>, <tf.Variable 'discriminator/discriminator_local/conv4/kernel:0' shape=(5, 5, 256, 512) dtype=float32_ref>, <tf.Variable 'discriminator/discriminator_local/conv4/bias:0' shape=(512,) dtype=float32_ref>, <tf.Variable 'discriminator/discriminator_global/conv1/kernel:0' shape=(5, 5, 3, 64) dtype=float32_ref>, <tf.Variable 'discriminator/discriminator_global/conv1/bias:0' shape=(64,) dtype=float32_ref>, <tf.Variable 'discriminator/discriminator_global/conv2/kernel:0' shape=(5, 5, 64, 128) dtype=float32_ref>, <tf.Variable 'discriminator/discriminator_global/conv2/bias:0' shape=(128,) dtype=float32_ref>, <tf.Variable 'discriminator/discriminator_global/conv3/kernel:0' shape=(5, 5, 128, 256) dtype=float32_ref>, <tf.Variable 'discriminator/discriminator_global/conv3/bias:0' shape=(256,) dtype=float32_ref>, <tf.Variable 'discriminator/discriminator_global/conv4/kernel:0' shape=(5, 5, 256, 256) dtype=float32_ref>, <tf.Variable 'discriminator/discriminator_global/conv4/bias:0' shape=(256,) dtype=float32_ref>, <tf.Variable 'discriminator/dout_local_fc/kernel:0' shape=(32768, 1) dtype=float32_ref>, <tf.Variable 'discriminator/dout_local_fc/bias:0' shape=(1,) dtype=float32_ref>, <tf.Variable 'discriminator/dout_global_fc/kernel:0' shape=(65536, 1) dtype=float32_ref>, <tf.Variable 'discriminator/dout_global_fc/bias:0' shape=(1,) dtype=float32_ref>]
[INFO  2019-03-19 00:16:13 @trainer.py:63] graph_def: <function multigpu_graph_def at 0x104785ea0>
[INFO  2019-03-19 00:16:13 @trainer.py:63] graph_def_kwargs: {'model': <inpaint_model.InpaintCAModel object at 0x123ea5dd8>, 'data': <neuralgym.data.data_from_fnames.DataFromFNames object at 0x123ea5b70>, 'config': {}, 'loss_type': 'd'}
[INFO  2019-03-19 00:16:13 @trainer.py:63] feed_dict: {}
[INFO  2019-03-19 00:16:13 @trainer.py:63] max_iters: 5
[INFO  2019-03-19 00:16:13 @trainer.py:63] log_dir: /tmp/neuralgym
[INFO  2019-03-19 00:16:13 @trainer.py:63] spe: 1
[INFO  2019-03-19 00:16:13 @trainer.py:63] grads_summary: True
[INFO  2019-03-19 00:16:13 @trainer.py:63] log_progress: False
[INFO  2019-03-19 00:16:13 @trainer.py:64] --------------------------------------------------------------------------------
[INFO  2019-03-19 00:16:16 @inpaint_model.py:158] Set batch_predicted to x2.
[INFO  2019-03-19 00:16:16 @inpaint_ops.py:201] Use spatial discounting l1 loss.
[INFO  2019-03-19 00:16:16 @inpaint_ops.py:201] Use spatial discounting l1 loss.
[INFO  2019-03-19 00:16:26 @inpaint_model.py:240] Set L1_LOSS_ALPHA to 1.200000
[INFO  2019-03-19 00:16:26 @inpaint_model.py:241] Set GAN_LOSS_ALPHA to 0.001000
[INFO  2019-03-19 00:16:26 @inpaint_model.py:244] Set AE_LOSS_ALPHA to 1.200000
